<?xml version="1.0" encoding="UTF-8"?>
<testng-results ignored="5" total="10" passed="5" failed="0" skipped="0">
  <reporter-output>
  </reporter-output>
  <suite started-at="2019-07-30T21:37:30Z" name="Loan Department" finished-at="2019-07-30T21:37:30Z" duration-ms="94">
    <groups>
      <group name="Smoke">
        <method signature="day3.MobileLoginCarLogan()[pri:0, instance:Test.day3@6f45df59]" name="MobileLoginCarLogan" class="Test.day3"/>
      </group> <!-- Smoke -->
    </groups>
    <test started-at="2019-07-30T21:37:30Z" name="Personal Loan" finished-at="2019-07-30T21:37:30Z" duration-ms="23">
      <class name="Test.day1">
        <test-method is-config="true" signature="lastexecution()[pri:0, instance:Test.day1@7d8704ef]" started-at="2019-07-30T21:37:30Z" name="lastexecution" finished-at="2019-07-30T21:37:30Z" duration-ms="0" status="PASS">
          <reporter-output>
          </reporter-output>
        </test-method> <!-- lastexecution -->
      </class> <!-- Test.day1 -->
      <class name="Test.day2">
        <test-method is-config="true" signature="perrequist()[pri:0, instance:Test.day2@6913c1fb]" started-at="2019-07-30T21:37:30Z" name="perrequist" finished-at="2019-07-30T21:37:30Z" duration-ms="0" status="PASS">
          <reporter-output>
          </reporter-output>
        </test-method> <!-- perrequist -->
        <test-method signature="gdl()[pri:0, instance:Test.day2@6913c1fb]" started-at="2019-07-30T21:37:30Z" name="gdl" finished-at="2019-07-30T21:37:30Z" duration-ms="4" status="PASS">
          <reporter-output>
          </reporter-output>
        </test-method> <!-- gdl -->
      </class> <!-- Test.day2 -->
      <class name="Test.day4">
        <test-method signature="LoginAPIHomeLoan()[pri:0, instance:Test.day4@66d18979]" started-at="2019-07-30T21:37:30Z" name="LoginAPIHomeLoan" finished-at="2019-07-30T21:37:30Z" duration-ms="1" status="PASS">
          <reporter-output>
          </reporter-output>
        </test-method> <!-- LoginAPIHomeLoan -->
        <test-method signature="MobileHomeCarLogan()[pri:0, instance:Test.day4@66d18979]" started-at="2019-07-30T21:37:30Z" name="MobileHomeCarLogan" finished-at="2019-07-30T21:37:30Z" duration-ms="0" status="PASS">
          <reporter-output>
          </reporter-output>
        </test-method> <!-- MobileHomeCarLogan -->
        <test-method signature="WebloginHomeLoan()[pri:0, instance:Test.day4@66d18979]" started-at="2019-07-30T21:37:30Z" name="WebloginHomeLoan" finished-at="2019-07-30T21:37:30Z" duration-ms="0" status="PASS">
          <reporter-output>
          </reporter-output>
        </test-method> <!-- WebloginHomeLoan -->
      </class> <!-- Test.day4 -->
    </test> <!-- Personal Loan -->
    <test started-at="2019-07-30T21:37:30Z" name="Carl Loan" finished-at="2019-07-30T21:37:30Z" duration-ms="2">
      <class name="Test.day1">
        <test-method is-config="true" signature="Asuite()[pri:0, instance:Test.day1@7d8704ef]" started-at="2019-07-30T21:37:30Z" name="Asuite" finished-at="2019-07-30T21:37:30Z" duration-ms="0" status="PASS">
          <reporter-output>
          </reporter-output>
        </test-method> <!-- Asuite -->
      </class> <!-- Test.day1 -->
      <class name="Test.day3">
        <test-method is-config="true" signature="Bsuite(java.lang.String)[pri:0, instance:Test.day3@6f45df59]" started-at="2019-07-30T21:37:30Z" name="Bsuite" finished-at="2019-07-30T21:37:30Z" duration-ms="10" status="PASS">
          <params>
            <param index="0">
              <value>
                <![CDATA[google.com]]>
              </value>
            </param>
          </params>
          <reporter-output>
          </reporter-output>
        </test-method> <!-- Bsuite -->
        <test-method signature="MobileLoginCarLogan()[pri:0, instance:Test.day3@6f45df59]" started-at="2019-07-30T21:37:30Z" name="MobileLoginCarLogan" finished-at="2019-07-30T21:37:30Z" duration-ms="1" status="PASS">
          <reporter-output>
          </reporter-output>
        </test-method> <!-- MobileLoginCarLogan -->
      </class> <!-- Test.day3 -->
    </test> <!-- Carl Loan -->
  </suite> <!-- Loan Department -->
</testng-results>
