<?xml version="1.0" encoding="UTF-8"?>
<!-- Generated by org.testng.reporters.JUnitXMLReporter -->
<testsuite ignored="3" hostname="Ramon" failures="0" tests="1" name="Carl Loan" time="0.002" errors="0" timestamp="30 jul 2019 21:37:30 GMT">
  <testcase classname="Test.day3" name="MobileLoginCarLogan" time="0.001"/>
  <testcase classname="Test.day3" name="mobileX" time="0.0">
    <ignored/>
  </testcase> <!-- mobileX -->
  <testcase classname="Test.day3" name="LoginAPICarLoan" time="0.0">
    <ignored/>
  </testcase> <!-- LoginAPICarLoan -->
  <testcase classname="Test.day3" name="WebloginCarLoan" time="0.0">
    <ignored/>
  </testcase> <!-- WebloginCarLoan -->
</testsuite> <!-- Carl Loan -->
