<?xml version="1.0" encoding="UTF-8"?>
<!-- Generated by org.testng.reporters.JUnitXMLReporter -->
<testsuite ignored="2" hostname="Ramon" failures="0" tests="4" name="Personal Loan" time="0.023" errors="0" timestamp="30 jul 2019 21:37:30 GMT">
  <testcase classname="Test.day2" name="gdl" time="0.004"/>
  <testcase classname="Test.day4" name="LoginAPIHomeLoan" time="0.001"/>
  <testcase classname="Test.day4" name="MobileHomeCarLogan" time="0.0"/>
  <testcase classname="Test.day4" name="WebloginHomeLoan" time="0.0"/>
  <testcase classname="Test.day1" name="Demo" time="0.0">
    <ignored/>
  </testcase> <!-- Demo -->
  <testcase classname="Test.day1" name="secondtest" time="0.0">
    <ignored/>
  </testcase> <!-- secondtest -->
</testsuite> <!-- Personal Loan -->
